--- Fresh start ---
[2026-07-07 20:48:41] Auto-Pipeline v2.0 started (project: C:\Users\81\ScholarScript)
[2026-07-07 20:55:40] STAGE Girish Karnad’s Tughlaq (1964).docx
[2026-07-07 20:55:40] COPY Girish Karnad’s Tughlaq (1964).docx
[2026-07-07 20:55:40] === STEP 1/6: Ingesting documents ===
[2026-07-07 20:55:41]   Checking uploads folder...
[2026-07-07 20:55:41]   Processed 1 file(s):
[2026-07-07 20:55:41]     Success: 1
[2026-07-07 20:55:41]     Errors:  0
[2026-07-07 20:55:41]     [OK] Girish KarnadÆs Tughlaq (1964).docx -> C:\Users\81\ScholarScript\content\papers\girish-karnads-tughlaq-1964.md (paper)
[2026-07-07 20:55:41]   
[2026-07-07 20:55:41]   Run 'scholarscript build' to rebuild the site.
[2026-07-07 20:55:41]   
[2026-07-07 20:55:41] === STEP 2/6: Fixing table formatting ===
[2026-07-07 20:55:42]     [FIXED] an-impressive-study-guide-three-quintessential-elizabethan-sonnets.md
[2026-07-07 20:55:42]     [FIXED] girish-karnads-tughlaq-1964.md
[2026-07-07 20:55:42]   
[2026-07-07 20:55:42] === STEP 3/6: Matching YouTube videos ===
[2026-07-07 20:55:42] TIMEOUT Girish Karnad’s Tughlaq (1964).docx (still in use)
[2026-07-07 20:56:02]   Found 35 papers
[2026-07-07 20:56:02]   
[2026-07-07 20:56:02]     [girish-karnads-tughlaq-1964] -> xIrOw8NkSwQ (Tughlaq, play by Girish Karnad/Complete summary@Happy-Litera) [137,955 views]
[2026-07-07 20:56:02]   
[2026-07-07 20:56:02]   Done! Created: 1, Skipped: 34, Failed: 0
[2026-07-07 20:56:02]   
[2026-07-07 20:56:02] === STEP 4/6: Building site ===
[2026-07-07 20:56:05]   Building site...
[2026-07-07 20:56:05]   Built 79 items in 1.15s
[2026-07-07 20:56:05]   Output: C:\Users\81\ScholarScript\public
[2026-07-07 20:56:05]   
[2026-07-07 20:56:05] === STEP 5/6: Committing and pushing to GitHub ===
